<?xml version="1.0" encoding="UTF-8"?>
<!-- Generated by org.testng.reporters.JUnitXMLReporter -->
<testsuite ignored="0" hostname="LAPTOP-JMC3F72L" failures="1" tests="1" name="Test" time="6.354" errors="0" timestamp="2025-10-29T17:47:44 IST">
  <testcase classname="testCases.TC002_LoginTest" name="verifyLogin" time="0.023">
    <failure type="java.lang.Error" message="Unresolved compilation problem: 
	HomePagee cannot be resolved to a type
">
      <![CDATA[java.lang.Error: Unresolved compilation problem: 
HomePagee cannot be resolved to a type

at testCases.TC002_LoginTest.verifyLogin(TC002_LoginTest.java:16)
at java.base/java.util.ArrayList.forEach(ArrayList.java:1511)
... Removed 27 stack frames]]>
    </failure>
  </testcase> <!-- verifyLogin -->
</testsuite> <!-- Test -->
