<?xml version="1.0" encoding="UTF-8"?>
<testng-results ignored="0" total="1" passed="1" failed="0" skipped="0">
  <reporter-output>
  </reporter-output>
  <suite started-at="2025-10-29T17:49:09 IST" name="Failed suite [Suite]" finished-at="2025-10-29T17:49:22 IST" duration-ms="13128">
    <groups>
      <group name="Master">
        <method signature="TC002_LoginTest.verifyLogin()[pri:0, instance:testCases.TC002_LoginTest@2e11485]" name="verifyLogin" class="testCases.TC002_LoginTest"/>
      </group> <!-- Master -->
      <group name="Sanity">
        <method signature="TC002_LoginTest.verifyLogin()[pri:0, instance:testCases.TC002_LoginTest@2e11485]" name="verifyLogin" class="testCases.TC002_LoginTest"/>
      </group> <!-- Sanity -->
    </groups>
    <test started-at="2025-10-29T17:49:09 IST" name="Test(failed)" finished-at="2025-10-29T17:49:22 IST" duration-ms="13128">
      <class name="testCases.TC002_LoginTest">
        <test-method is-config="true" signature="setup(java.lang.String,java.lang.String)[pri:0, instance:testCases.TC002_LoginTest@2e11485]" started-at="2025-10-29T17:49:09 IST" name="setup" finished-at="2025-10-29T17:49:18 IST" duration-ms="8805" status="PASS">
          <params>
            <param index="0">
              <value>
                <![CDATA[windows]]>
              </value>
            </param>
            <param index="1">
              <value>
                <![CDATA[chrome]]>
              </value>
            </param>
          </params>
          <reporter-output>
          </reporter-output>
        </test-method> <!-- setup -->
        <test-method signature="verifyLogin()[pri:0, instance:testCases.TC002_LoginTest@2e11485]" started-at="2025-10-29T17:49:18 IST" name="verifyLogin" finished-at="2025-10-29T17:49:21 IST" duration-ms="2928" status="PASS">
          <reporter-output>
          </reporter-output>
        </test-method> <!-- verifyLogin -->
        <test-method is-config="true" signature="tearDown()[pri:0, instance:testCases.TC002_LoginTest@2e11485]" started-at="2025-10-29T17:49:21 IST" name="tearDown" finished-at="2025-10-29T17:49:22 IST" duration-ms="831" status="PASS">
          <reporter-output>
          </reporter-output>
        </test-method> <!-- tearDown -->
      </class> <!-- testCases.TC002_LoginTest -->
    </test> <!-- Test(failed) -->
  </suite> <!-- Failed suite [Suite] -->
</testng-results>
